TN:
SF:src\modules\appointments\services\CreateAppointmentService.ts
FN:17,(anonymous_18)
FN:19,CreateAppointmentService
FN:30,(anonymous_20)
FNF:3
FNH:3
FNDA:1,(anonymous_18)
FNDA:5,CreateAppointmentService
FNDA:6,(anonymous_20)
DA:2,1
DA:3,1
DA:5,1
DA:17,1
DA:21,5
DA:24,5
DA:27,5
DA:30,6
DA:31,6
DA:33,6
DA:34,2
DA:37,4
DA:38,1
DA:41,3
DA:42,1
DA:45,2
DA:47,2
DA:48,0
DA:51,2
DA:53,2
DA:55,4
DA:60,2
DA:65,0
DA:67,1
DA:69,1
LF:25
LH:23
BRDA:33,0,0,2
BRDA:33,0,1,4
BRDA:37,1,0,1
BRDA:37,1,1,3
BRDA:41,2,0,1
BRDA:41,2,1,2
BRDA:41,3,0,3
BRDA:41,3,1,2
BRDA:47,4,0,0
BRDA:47,4,1,2
BRF:10
BRH:9
end_of_record
TN:
SF:src\modules\appointments\services\ListProviderAppointmentsService.ts
FN:15,(anonymous_17)
FN:16,ListProviderAppointmentsService
FN:24,(anonymous_19)
FNF:3
FNH:3
FNDA:1,(anonymous_17)
FNDA:1,ListProviderAppointmentsService
FNDA:1,(anonymous_19)
DA:1,1
DA:15,1
DA:18,1
DA:21,1
DA:24,1
DA:25,1
DA:27,1
DA:29,1
DA:30,1
DA:37,2
DA:40,1
DA:42,1
DA:44,1
LF:13
LH:13
BRDA:40,0,0,1
BRDA:29,1,0,0
BRDA:29,1,1,1
BRF:3
BRH:2
end_of_record
TN:
SF:src\modules\appointments\services\ListProviderDayAvailabilityService.ts
FN:19,(anonymous_17)
FN:20,ListProviderDayAvailabilityService
FN:25,(anonymous_19)
FN:38,(anonymous_22)
FN:43,(anonymous_23)
FN:45,(anonymous_24)
FNF:6
FNH:6
FNDA:1,(anonymous_17)
FNDA:1,ListProviderDayAvailabilityService
FNDA:1,(anonymous_19)
FNDA:10,(anonymous_22)
FNDA:10,(anonymous_23)
FNDA:19,(anonymous_24)
DA:1,1
DA:2,1
DA:19,1
DA:22,1
DA:25,1
DA:27,1
DA:34,1
DA:36,1
DA:38,10
DA:41,1
DA:43,1
DA:44,10
DA:45,19
DA:49,10
DA:51,10
DA:57,1
DA:59,1
DA:61,1
LF:18
LH:18
BRDA:27,0,0,1
BRDA:53,1,0,10
BRDA:53,1,1,8
BRF:3
BRH:3
end_of_record
TN:
SF:src\modules\appointments\services\ListProviderMonthAvailabilityService.ts
FN:20,(anonymous_17)
FN:21,ListProviderMonthAvailabilityService
FN:26,(anonymous_19)
FN:37,(anonymous_22)
FN:40,(anonymous_23)
FN:41,(anonymous_24)
FNF:6
FNH:6
FNDA:1,(anonymous_17)
FNDA:1,ListProviderMonthAvailabilityService
FNDA:1,(anonymous_19)
FNDA:31,(anonymous_22)
FNDA:31,(anonymous_23)
FNDA:341,(anonymous_24)
DA:1,1
DA:2,1
DA:20,1
DA:23,1
DA:26,1
DA:27,1
DA:33,1
DA:35,1
DA:37,31
DA:40,1
DA:41,31
DA:42,341
DA:45,31
DA:51,1
DA:53,1
DA:55,1
LF:16
LH:16
BRDA:27,0,0,1
BRF:1
BRH:1
end_of_record
TN:
SF:src\modules\appointments\services\ListProvidersService.ts
FN:12,(anonymous_17)
FN:13,ListProvidersService
FN:21,(anonymous_19)
FNF:3
FNH:3
FNDA:1,(anonymous_17)
FNDA:1,ListProvidersService
FNDA:1,(anonymous_19)
DA:1,1
DA:12,1
DA:15,1
DA:18,1
DA:21,1
DA:22,1
DA:24,1
DA:25,1
DA:29,2
DA:33,1
DA:35,1
DA:37,1
LF:12
LH:12
BRDA:22,0,0,1
BRDA:22,0,1,1
BRDA:24,1,0,0
BRDA:24,1,1,1
BRF:4
BRH:3
end_of_record
TN:
SF:src\modules\users\services\AuthenticateUserService.ts
FN:21,(anonymous_18)
FN:22,AuthenticateUserService
FN:30,(anonymous_20)
FNF:3
FNH:3
FNDA:1,(anonymous_18)
FNDA:3,AuthenticateUserService
FNDA:3,(anonymous_20)
DA:1,1
DA:2,1
DA:3,1
DA:7,1
DA:21,1
DA:24,3
DA:27,3
DA:30,3
DA:32,3
DA:34,3
DA:35,1
DA:38,2
DA:40,2
DA:41,1
DA:44,1
DA:46,1
DA:50,1
DA:55,1
DA:57,1
LF:19
LH:19
BRDA:32,0,0,3
BRDA:34,1,0,1
BRDA:34,1,1,2
BRDA:40,2,0,1
BRDA:40,2,1,1
BRF:5
BRH:5
end_of_record
TN:
SF:src\modules\users\services\CreateUserService.ts
FN:18,(anonymous_18)
FN:19,CreateUserService
FN:30,(anonymous_20)
FNF:3
FNH:3
FNDA:1,(anonymous_18)
FNDA:2,CreateUserService
FNDA:3,(anonymous_20)
DA:1,1
DA:7,1
DA:18,1
DA:21,2
DA:24,2
DA:27,2
DA:30,3
DA:31,3
DA:33,3
DA:34,1
DA:37,2
DA:39,2
DA:45,4
DA:47,2
DA:49,1
DA:51,1
LF:16
LH:16
BRDA:31,0,0,3
BRDA:33,1,0,1
BRDA:33,1,1,2
BRF:3
BRH:3
end_of_record
TN:
SF:src\modules\users\services\ResetPasswordService.ts
FN:16,(anonymous_18)
FN:17,ResetPasswordService
FN:28,(anonymous_20)
FNF:3
FNH:3
FNDA:1,(anonymous_18)
FNDA:4,ResetPasswordService
FNDA:4,(anonymous_20)
DA:1,1
DA:2,1
DA:4,1
DA:16,1
DA:19,4
DA:22,4
DA:25,4
DA:28,4
DA:29,4
DA:31,4
DA:32,1
DA:35,3
DA:37,3
DA:38,1
DA:41,2
DA:42,2
DA:44,2
DA:45,1
DA:48,1
DA:50,2
DA:53,1
DA:55,1
LF:22
LH:22
BRDA:29,0,0,4
BRDA:31,1,0,1
BRDA:31,1,1,3
BRDA:37,2,0,1
BRDA:37,2,1,2
BRDA:44,3,0,1
BRDA:44,3,1,1
BRF:7
BRH:7
end_of_record
TN:
SF:src\modules\users\services\SendForgotPasswordEmailService.ts
FN:15,(anonymous_18)
FN:16,SendForgotPasswordEmailService
FN:27,(anonymous_20)
FNF:3
FNH:3
FNDA:1,(anonymous_18)
FNDA:3,SendForgotPasswordEmailService
FNDA:3,(anonymous_20)
DA:1,1
DA:2,1
DA:3,1
DA:15,1
DA:18,3
DA:21,3
DA:24,3
DA:27,3
DA:28,3
DA:30,3
DA:31,1
DA:34,2
DA:36,2
DA:38,4
DA:53,1
DA:55,1
LF:16
LH:16
BRDA:28,0,0,3
BRDA:30,1,0,1
BRDA:30,1,1,2
BRF:3
BRH:3
end_of_record
TN:
SF:src\modules\users\services\ShowProfileService.ts
FN:12,(anonymous_18)
FN:13,ShowProfileService
FN:18,(anonymous_20)
FNF:3
FNH:3
FNDA:1,(anonymous_18)
FNDA:2,ShowProfileService
FNDA:2,(anonymous_20)
DA:1,1
DA:3,1
DA:12,1
DA:15,2
DA:18,2
DA:19,2
DA:21,2
DA:22,1
DA:25,1
DA:27,1
DA:29,1
LF:11
LH:11
BRDA:19,0,0,2
BRDA:21,1,0,1
BRDA:21,1,1,1
BRF:3
BRH:3
end_of_record
TN:
SF:src\modules\users\services\UpdateProfileService.ts
FN:17,(anonymous_18)
FN:18,UpdateProfileService
FN:26,(anonymous_20)
FNF:3
FNH:3
FNDA:1,(anonymous_18)
FNDA:6,UpdateProfileService
FNDA:6,(anonymous_20)
DA:1,1
DA:3,1
DA:17,1
DA:20,6
DA:23,6
DA:26,6
DA:27,6
DA:29,6
DA:30,1
DA:33,5
DA:35,5
DA:36,1
DA:39,4
DA:40,1
DA:43,4
DA:44,2
DA:49,2
DA:50,1
DA:53,1
DA:56,2
DA:57,2
DA:59,2
DA:61,1
DA:63,1
LF:24
LH:24
BRDA:27,0,0,6
BRDA:29,1,0,1
BRDA:29,1,1,5
BRDA:35,2,0,1
BRDA:35,2,1,4
BRDA:35,3,0,5
BRDA:35,3,1,1
BRDA:39,4,0,1
BRDA:39,4,1,3
BRDA:39,5,0,4
BRDA:39,5,1,3
BRDA:43,6,0,1
BRDA:43,6,1,2
BRDA:43,7,0,3
BRDA:43,7,1,2
BRDA:49,8,0,1
BRDA:49,8,1,1
BRF:17
BRH:17
end_of_record
TN:
SF:src\modules\users\services\UpdateUserAvatarService.ts
FN:17,(anonymous_18)
FN:18,UpdateUserAvatarService
FN:26,(anonymous_20)
FNF:3
FNH:3
FNDA:1,(anonymous_18)
FNDA:4,UpdateUserAvatarService
FNDA:4,(anonymous_20)
DA:4,1
DA:7,1
DA:17,1
DA:20,4
DA:23,4
DA:26,4
DA:28,4
DA:30,4
DA:31,1
DA:35,5
DA:36,2
DA:39,3
DA:42,3
DA:44,6
DA:46,3
DA:48,1
DA:50,1
LF:17
LH:17
BRDA:28,0,0,4
BRDA:28,0,1,3
BRDA:30,1,0,1
BRDA:30,1,1,3
BRDA:35,2,0,2
BRDA:35,2,1,1
BRF:6
BRH:6
end_of_record
